<?xml version="1.0" encoding="UTF-8"?>
<!-- Generated by org.testng.reporters.JUnitXMLReporter -->
<testsuite ignored="0" hostname="DESKTOP-RTGTF08" failures="0" tests="4" name="Default test" time="11.849" errors="0" timestamp="2021-11-19T10:20:10 IST">
  <testcase classname="com.qa.opencart.test.AccountsPageTest" name="accountPageHeadersTest" time="0.914"/>
  <testcase classname="com.qa.opencart.test.AccountsPageTest" name="accountPageUrlTest" time="0.012"/>
  <testcase classname="com.qa.opencart.test.AccountsPageTest" name="accountsPageFootersTest" time="0.279"/>
  <testcase classname="com.qa.opencart.test.AccountsPageTest" name="accountsPageList" time="0.281"/>
</testsuite> <!-- Default test -->
