<?xml version="1.0" encoding="UTF-8"?>
<!-- Generated by org.testng.reporters.JUnitXMLReporter -->
<testsuite ignored="0" hostname="DESKTOP-RTGTF08" failures="0" tests="7" name="Default test" time="22.975" errors="0" timestamp="2021-11-22T10:31:59 IST">
  <testcase classname="com.qa.opencart.test.AccountsPageTest" name="accountPageUrlTest" time="0.016"/>
  <testcase classname="com.qa.opencart.test.AccountsPageTest" name="accountsPageList" time="1.292"/>
  <testcase classname="com.qa.opencart.test.AccountsPageTest" name="accountPageHeadersTest" time="0.145"/>
  <testcase classname="com.qa.opencart.test.AccountsPageTest" name="accountsPageFootersTest" time="0.243"/>
  <testcase classname="com.qa.opencart.test.AccountsPageTest" name="logOutTest" time="0.225"/>
  <testcase classname="com.qa.opencart.test.AccountsPageTest" name="selectProductTest" time="4.546"/>
  <testcase classname="com.qa.opencart.test.AccountsPageTest" name="checkProductBrand" time="0.165"/>
</testsuite> <!-- Default test -->
