<?xml version="1.0" encoding="UTF-8"?>
<!-- Generated by org.testng.reporters.JUnitXMLReporter -->
<testsuite ignored="0" hostname="DESKTOP-RTGTF08" failures="0" tests="7" name="Test2" time="14.915" errors="0" timestamp="2021-11-24T14:56:31 IST">
  <testcase classname="com.qa.opencart.test.AccountsPageTest" name="accountPageUrlTest" time="0.007"/>
  <testcase classname="com.qa.opencart.test.AccountsPageTest" name="accountsPageList" time="0.875"/>
  <testcase classname="com.qa.opencart.test.AccountsPageTest" name="accountPageHeadersTest" time="0.125"/>
  <testcase classname="com.qa.opencart.test.AccountsPageTest" name="accountsPageFootersTest" time="0.158"/>
  <testcase classname="com.qa.opencart.test.AccountsPageTest" name="logOutTest" time="0.137"/>
  <testcase classname="com.qa.opencart.test.AccountsPageTest" name="selectProductTest" time="4.144"/>
  <testcase classname="com.qa.opencart.test.AccountsPageTest" name="checkProductBrand" time="0.105"/>
</testsuite> <!-- Test2 -->
