<?xml version="1.0" encoding="UTF-8"?>
<!-- Generated by org.testng.reporters.JUnitXMLReporter -->
<testsuite ignored="0" hostname="DESKTOP-RTGTF08" failures="0" tests="7" name="Test" time="17.487" errors="0" timestamp="2021-11-24T19:57:48 IST">
  <testcase classname="com.qa.opencart.test.AccountsPageTest" name="accountPageUrlTest" time="0.019"/>
  <testcase classname="com.qa.opencart.test.AccountsPageTest" name="accountsPageList" time="1.195"/>
  <testcase classname="com.qa.opencart.test.AccountsPageTest" name="accountPageHeadersTest" time="0.136"/>
  <testcase classname="com.qa.opencart.test.AccountsPageTest" name="accountsPageFootersTest" time="0.179"/>
  <testcase classname="com.qa.opencart.test.AccountsPageTest" name="logOutTest" time="0.236"/>
  <testcase classname="com.qa.opencart.test.AccountsPageTest" name="selectProductTest" time="4.454"/>
  <testcase classname="com.qa.opencart.test.AccountsPageTest" name="checkProductBrand" time="0.14"/>
</testsuite> <!-- Test -->
