<?xml version="1.0" encoding="UTF-8"?>
<!-- Generated by org.testng.reporters.JUnitXMLReporter -->
<testsuite ignored="0" hostname="DESKTOP-RTGTF08" failures="0" tests="4" name="Test1" time="9.457" errors="0" timestamp="2021-11-24T14:56:17 IST">
  <testcase classname="com.qa.opencart.test.LoginPageTest" name="loginPageTitleTest" time="0.018"/>
  <testcase classname="com.qa.opencart.test.LoginPageTest" name="forgottentPwdLinkTest" time="0.109"/>
  <testcase classname="com.qa.opencart.test.LoginPageTest" name="loginLinkTest" time="0.049"/>
  <testcase classname="com.qa.opencart.test.LoginPageTest" name="LoginAppTest" time="2.791"/>
</testsuite> <!-- Test1 -->
