<?xml version="1.0" encoding="UTF-8"?>
<!-- Generated by org.testng.reporters.JUnitXMLReporter -->
<testsuite ignored="2" hostname="DESKTOP-RTGTF08" failures="0" tests="6" name="Test" time="9.577" errors="0" timestamp="2021-11-19T09:49:50 IST">
  <testcase classname="com.qa.opencart.test.AccountsPageTest" name="@BeforeClass accountsPageSetup" time="0.001">
    <failure type="java.lang.NullPointerException" message="Cannot invoke &amp;quot;java.util.Properties.getProperty(String)&amp;quot; because &amp;quot;this.prop&amp;quot; is null">
      <![CDATA[java.lang.NullPointerException: Cannot invoke "java.util.Properties.getProperty(String)" because "this.prop" is null
at com.qa.opencart.test.AccountsPageTest.accountsPageSetup(AccountsPageTest.java:14)
at java.base/java.util.ArrayList.forEach(ArrayList.java:1511)
... Removed 25 stack frames]]>
    </failure>
  </testcase> <!-- @BeforeClass accountsPageSetup -->
  <testcase classname="com.qa.opencart.test.LoginPageTest" name="loginPageTitleTest" time="0.017"/>
  <testcase classname="com.qa.opencart.test.LoginPageTest" name="forgottentPwdLinkTest" time="0.101"/>
  <testcase classname="com.qa.opencart.test.LoginPageTest" name="loginLinkTest" time="0.042"/>
  <testcase classname="com.qa.opencart.test.LoginPageTest" name="LoginAppTest" time="2.855"/>
  <testcase classname="com.qa.opencart.test.AccountsPageTest" name="accountPageUrlTest" time="0.0">
    <skipped/>
  </testcase> <!-- accountPageUrlTest -->
  <testcase classname="com.qa.opencart.test.AccountsPageTest" name="accountPageHeadersTest" time="0.001">
    <skipped/>
  </testcase> <!-- accountPageHeadersTest -->
  <testcase classname="com.qa.opencart.test.BaseTest" name="@BeforeTest setUp" time="0.0">
    <ignored/>
  </testcase> <!-- @BeforeTest setUp -->
  <testcase classname="com.qa.opencart.test.BaseTest" name="@AfterTest tearDown" time="0.0">
    <ignored/>
  </testcase> <!-- @AfterTest tearDown -->
</testsuite> <!-- Test -->
