<?xml version="1.0" encoding="UTF-8"?>
<!-- Generated by org.testng.reporters.JUnitXMLReporter -->
<testsuite hostname="DESKTOP-RTGTF08" ignored="0" name="Test" tests="4" failures="0" timestamp="24 Nov 2021 14:41:21 GMT" time="9.367" errors="0">
  <testcase name="loginPageTitleTest" time="0.029" classname="com.qa.opencart.test.LoginPageTest"/>
  <testcase name="forgottentPwdLinkTest" time="0.213" classname="com.qa.opencart.test.LoginPageTest"/>
  <testcase name="loginLinkTest" time="0.068" classname="com.qa.opencart.test.LoginPageTest"/>
  <testcase name="LoginAppTest" time="3.219" classname="com.qa.opencart.test.LoginPageTest"/>
</testsuite> <!-- Test -->
