<?xml version="1.0" encoding="UTF-8"?>
<testng-results ignored="0" total="4" passed="4" failed="0" skipped="0">
  <reporter-output>
  </reporter-output>
  <suite started-at="2021-11-24T08:27:00 IST" name="Default suite" finished-at="2021-11-24T08:27:12 IST" duration-ms="11329">
    <groups>
    </groups>
    <test started-at="2021-11-24T08:27:00 IST" name="Default test" finished-at="2021-11-24T08:27:12 IST" duration-ms="11329">
      <class name="com.qa.opencart.test.LoginPageTest">
        <test-method is-config="true" signature="setUp()[pri:0, instance:com.qa.opencart.test.LoginPageTest@6392827e]" started-at="2021-11-24T08:27:00 IST" name="setUp" finished-at="2021-11-24T08:27:08 IST" duration-ms="7719" status="PASS">
          <reporter-output>
          </reporter-output>
        </test-method> <!-- setUp -->
        <test-method signature="loginPageTitleTest()[pri:1, instance:com.qa.opencart.test.LoginPageTest@6392827e]" started-at="2021-11-24T08:27:08 IST" name="loginPageTitleTest" finished-at="2021-11-24T08:27:08 IST" duration-ms="20" status="PASS">
          <reporter-output>
          </reporter-output>
        </test-method> <!-- loginPageTitleTest -->
        <test-method signature="forgottentPwdLinkTest()[pri:2, instance:com.qa.opencart.test.LoginPageTest@6392827e]" started-at="2021-11-24T08:27:08 IST" name="forgottentPwdLinkTest" finished-at="2021-11-24T08:27:08 IST" duration-ms="136" status="PASS">
          <reporter-output>
          </reporter-output>
        </test-method> <!-- forgottentPwdLinkTest -->
        <test-method signature="loginLinkTest()[pri:3, instance:com.qa.opencart.test.LoginPageTest@6392827e]" started-at="2021-11-24T08:27:08 IST" name="loginLinkTest" finished-at="2021-11-24T08:27:08 IST" duration-ms="59" status="PASS">
          <reporter-output>
          </reporter-output>
        </test-method> <!-- loginLinkTest -->
        <test-method signature="LoginAppTest()[pri:4, instance:com.qa.opencart.test.LoginPageTest@6392827e]" started-at="2021-11-24T08:27:08 IST" name="LoginAppTest" finished-at="2021-11-24T08:27:12 IST" duration-ms="3323" status="PASS">
          <reporter-output>
          </reporter-output>
        </test-method> <!-- LoginAppTest -->
        <test-method is-config="true" signature="tearDown()[pri:0, instance:com.qa.opencart.test.LoginPageTest@6392827e]" started-at="2021-11-24T08:27:12 IST" name="tearDown" finished-at="2021-11-24T08:27:12 IST" duration-ms="1" status="PASS">
          <reporter-output>
          </reporter-output>
        </test-method> <!-- tearDown -->
      </class> <!-- com.qa.opencart.test.LoginPageTest -->
    </test> <!-- Default test -->
  </suite> <!-- Default suite -->
</testng-results>
