<?xml version="1.0" encoding="UTF-8"?>
<testng-results ignored="0" total="7" passed="7" failed="0" skipped="0">
  <reporter-output>
  </reporter-output>
  <suite started-at="2021-11-24T19:57:31 IST" name="Suite" finished-at="2021-11-24T19:57:48 IST" duration-ms="17487">
    <groups>
    </groups>
    <test started-at="2021-11-24T19:57:31 IST" name="Test" finished-at="2021-11-24T19:57:48 IST" duration-ms="17487">
      <class name="com.qa.opencart.test.AccountsPageTest">
        <test-method is-config="true" signature="setUp()[pri:0, instance:com.qa.opencart.test.AccountsPageTest@53ce1329]" started-at="2021-11-24T19:57:31 IST" name="setUp" finished-at="2021-11-24T19:57:38 IST" duration-ms="7644" status="PASS">
          <reporter-output>
          </reporter-output>
        </test-method> <!-- setUp -->
        <test-method is-config="true" signature="accountsPageSetup()[pri:0, instance:com.qa.opencart.test.AccountsPageTest@53ce1329]" started-at="2021-11-24T19:57:38 IST" name="accountsPageSetup" finished-at="2021-11-24T19:57:42 IST" duration-ms="3383" status="PASS">
          <reporter-output>
          </reporter-output>
        </test-method> <!-- accountsPageSetup -->
        <test-method signature="accountPageUrlTest()[pri:0, instance:com.qa.opencart.test.AccountsPageTest@53ce1329]" started-at="2021-11-24T19:57:42 IST" name="accountPageUrlTest" finished-at="2021-11-24T19:57:42 IST" duration-ms="19" status="PASS">
          <reporter-output>
          </reporter-output>
        </test-method> <!-- accountPageUrlTest -->
        <test-method signature="accountsPageList()[pri:0, instance:com.qa.opencart.test.AccountsPageTest@53ce1329]" started-at="2021-11-24T19:57:42 IST" name="accountsPageList" finished-at="2021-11-24T19:57:43 IST" duration-ms="1195" status="PASS">
          <reporter-output>
          </reporter-output>
        </test-method> <!-- accountsPageList -->
        <test-method signature="accountPageHeadersTest()[pri:1, instance:com.qa.opencart.test.AccountsPageTest@53ce1329]" started-at="2021-11-24T19:57:43 IST" name="accountPageHeadersTest" finished-at="2021-11-24T19:57:43 IST" duration-ms="136" status="PASS">
          <reporter-output>
          </reporter-output>
        </test-method> <!-- accountPageHeadersTest -->
        <test-method signature="accountsPageFootersTest()[pri:2, instance:com.qa.opencart.test.AccountsPageTest@53ce1329]" started-at="2021-11-24T19:57:43 IST" name="accountsPageFootersTest" finished-at="2021-11-24T19:57:43 IST" duration-ms="179" status="PASS">
          <reporter-output>
          </reporter-output>
        </test-method> <!-- accountsPageFootersTest -->
        <test-method signature="logOutTest()[pri:3, instance:com.qa.opencart.test.AccountsPageTest@53ce1329]" started-at="2021-11-24T19:57:43 IST" name="logOutTest" finished-at="2021-11-24T19:57:44 IST" duration-ms="236" status="PASS">
          <reporter-output>
          </reporter-output>
        </test-method> <!-- logOutTest -->
        <test-method signature="selectProductTest(java.lang.String,java.lang.String)[pri:5, instance:com.qa.opencart.test.AccountsPageTest@53ce1329]" started-at="2021-11-24T19:57:44 IST" name="selectProductTest" data-provider="PRO_LIST" finished-at="2021-11-24T19:57:48 IST" duration-ms="4454" status="PASS">
          <params>
            <param index="0">
              <value>
                <![CDATA[Macbook]]>
              </value>
            </param>
            <param index="1">
              <value>
                <![CDATA[MacBook Pro]]>
              </value>
            </param>
          </params>
          <reporter-output>
          </reporter-output>
        </test-method> <!-- selectProductTest -->
        <test-method signature="checkProductBrand(java.lang.String,java.lang.String)[pri:7, instance:com.qa.opencart.test.AccountsPageTest@53ce1329]" started-at="2021-11-24T19:57:48 IST" name="checkProductBrand" data-provider="getBrand" finished-at="2021-11-24T19:57:48 IST" duration-ms="140" status="PASS">
          <params>
            <param index="0">
              <value>
                <![CDATA[Brand]]>
              </value>
            </param>
            <param index="1">
              <value>
                <![CDATA[Apple]]>
              </value>
            </param>
          </params>
          <reporter-output>
          </reporter-output>
        </test-method> <!-- checkProductBrand -->
        <test-method is-config="true" signature="tearDown()[pri:0, instance:com.qa.opencart.test.AccountsPageTest@53ce1329]" started-at="2021-11-24T19:57:48 IST" name="tearDown" finished-at="2021-11-24T19:57:48 IST" duration-ms="0" status="PASS">
          <reporter-output>
          </reporter-output>
        </test-method> <!-- tearDown -->
      </class> <!-- com.qa.opencart.test.AccountsPageTest -->
    </test> <!-- Test -->
  </suite> <!-- Suite -->
</testng-results>
